<?xml version="1.0" encoding="UTF-8"?>
<testng-results skipped="0" failed="0" ignored="0" total="2" passed="2">
  <reporter-output>
  </reporter-output>
  <suite name="s" duration-ms="96" started-at="2019-02-12T07:52:02Z" finished-at="2019-02-12T07:52:02Z">
    <groups>
    </groups>
    <test name="t" duration-ms="96" started-at="2019-02-12T07:52:02Z" finished-at="2019-02-12T07:52:02Z">
      <class name="pack.A">
        <test-method status="PASS" signature="x()[pri:0, instance:pack.A@67117f44]" name="x" duration-ms="14" started-at="2019-02-12T07:52:02Z" finished-at="2019-02-12T07:52:02Z">
          <reporter-output>
          </reporter-output>
        </test-method> <!-- x -->
        <test-method status="PASS" signature="y()[pri:0, instance:pack.A@67117f44]" name="y" duration-ms="3" started-at="2019-02-12T07:52:02Z" finished-at="2019-02-12T07:52:02Z">
          <reporter-output>
          </reporter-output>
        </test-method> <!-- y -->
      </class> <!-- pack.A -->
    </test> <!-- t -->
  </suite> <!-- s -->
</testng-results>
